<?xml version="1.0" encoding="UTF-8"?>
<!DOCTYPE properties SYSTEM "http://java.sun.com/dtd/properties.dtd">
<properties version="1.0">
    <comment>Sample test run arguments</comment>
    <entry key="iut">http://schemas.opengis.net/owc/1.0/examples/sea_ice_extent_01.atom</entry>
</properties>
